<?xml version="1.0" encoding="UTF-8"?>
<!-- Generated by org.testng.reporters.JUnitXMLReporter -->
<testsuite hostname="Gobiraj" ignored="18" name="Leads" tests="2" failures="0" timestamp="23 Jun 2018 14:37:02 GMT" time="74.106" errors="0">
  <testcase name="deleteLead" time="23.039" classname="tests.Delete"/>
  <testcase name="mergeLead" time="34.184" classname="tests.MergeLead"/>
  <testcase name="beforeMethod" time="0.0" classname="lib.selenium.PreAndPost">
    <ignored/>
  </testcase> <!-- beforeMethod -->
  <testcase name="beforeMethod" time="0.0" classname="lib.selenium.PreAndPost">
    <ignored/>
  </testcase> <!-- beforeMethod -->
  <testcase name="beforeMethod" time="0.0" classname="lib.selenium.PreAndPost">
    <ignored/>
  </testcase> <!-- beforeMethod -->
  <testcase name="beforeMethod" time="0.0" classname="lib.selenium.PreAndPost">
    <ignored/>
  </testcase> <!-- beforeMethod -->
  <testcase name="@AfterSuite afterSuite" time="0.0" classname="lib.selenium.PreAndPost">
    <ignored/>
  </testcase> <!-- @AfterSuite afterSuite -->
  <testcase name="@AfterSuite afterSuite" time="0.0" classname="lib.selenium.PreAndPost">
    <ignored/>
  </testcase> <!-- @AfterSuite afterSuite -->
  <testcase name="@AfterSuite afterSuite" time="0.0" classname="lib.selenium.PreAndPost">
    <ignored/>
  </testcase> <!-- @AfterSuite afterSuite -->
  <testcase name="@BeforeTest beforeTest" time="0.0" classname="lib.selenium.PreAndPost">
    <ignored/>
  </testcase> <!-- @BeforeTest beforeTest -->
  <testcase name="@BeforeTest beforeTest" time="0.0" classname="lib.selenium.PreAndPost">
    <ignored/>
  </testcase> <!-- @BeforeTest beforeTest -->
  <testcase name="@BeforeTest beforeTest" time="0.0" classname="lib.selenium.PreAndPost">
    <ignored/>
  </testcase> <!-- @BeforeTest beforeTest -->
  <testcase name="editLead" time="0.0" classname="tests.EditLead">
    <ignored/>
  </testcase> <!-- editLead -->
  <testcase name="createLead" time="0.0" classname="tests.CreateLead">
    <ignored/>
  </testcase> <!-- createLead -->
  <testcase name="@AfterTest afterTest" time="0.0" classname="lib.selenium.PreAndPost">
    <ignored/>
  </testcase> <!-- @AfterTest afterTest -->
  <testcase name="@AfterTest afterTest" time="0.0" classname="lib.selenium.PreAndPost">
    <ignored/>
  </testcase> <!-- @AfterTest afterTest -->
  <testcase name="@AfterTest afterTest" time="0.0" classname="lib.selenium.PreAndPost">
    <ignored/>
  </testcase> <!-- @AfterTest afterTest -->
  <testcase name="@BeforeSuite beforeSuite" time="0.0" classname="lib.selenium.PreAndPost">
    <ignored/>
  </testcase> <!-- @BeforeSuite beforeSuite -->
  <testcase name="@BeforeSuite beforeSuite" time="0.0" classname="lib.selenium.PreAndPost">
    <ignored/>
  </testcase> <!-- @BeforeSuite beforeSuite -->
  <testcase name="@BeforeSuite beforeSuite" time="0.0" classname="lib.selenium.PreAndPost">
    <ignored/>
  </testcase> <!-- @BeforeSuite beforeSuite -->
</testsuite> <!-- Leads -->
